<?xml version="1.0" encoding="UTF-8"?>
<testng-results ignored="0" total="1" passed="1" failed="0" skipped="0">
  <reporter-output>
  </reporter-output>
  <suite started-at="2025-03-28T17:57:30 IST" name="Default suite" finished-at="2025-03-28T17:57:45 IST" duration-ms="14601">
    <groups>
    </groups>
    <test started-at="2025-03-28T17:57:30 IST" name="Default test" finished-at="2025-03-28T17:57:45 IST" duration-ms="14601">
      <class name="testWebsite.LoginPage">
        <test-method signature="TestWebsite()[pri:0, instance:testWebsite.LoginPage@130d63be]" started-at="2025-03-28T17:57:30 IST" name="TestWebsite" finished-at="2025-03-28T17:57:45 IST" duration-ms="14540" status="PASS">
          <reporter-output>
          </reporter-output>
        </test-method> <!-- TestWebsite -->
      </class> <!-- testWebsite.LoginPage -->
    </test> <!-- Default test -->
  </suite> <!-- Default suite -->
</testng-results>
